<?xml version="1.0" encoding="UTF-8"?>
<testsuite xmlns:xsi="http://www.w3.org/2001/XMLSchema-instance" xsi:noNamespaceSchemaLocation="https://maven.apache.org/surefire/maven-surefire-plugin/xsd/surefire-test-report.xsd" name="assurityDemo.GetCategoriesApiTest" time="2.734" tests="3" errors="0" skipped="0" failures="0">
  <properties>
[...]
</properties>
  <testcase name="isCanRelistTrue" classname="assurityDemo.GetCategoriesApiTest" time="2.182"/>
  <testcase name="isNameCarbonCredits" classname="assurityDemo.GetCategoriesApiTest" time="0.238"/>
  <testcase name="isPromotionGalleryDescription2xLargerImage" classname="assurityDemo.GetCategoriesApiTest" time="0.249"/>
</testsuite>